This is pdfTeX, Version 3.14159265-2.6-1.40.15 (TeX Live 2014/W32TeX) (preloaded format=pdfcsplain 2014.10.2)  2 JAN 2015 20:51
entering extended mode
 restricted \write18 enabled.
 %&-line parsing enabled.
 encTeX v. Jun. 2004, reencoding enabled
**dip.tex
(./dip.tex The format: csplain <Aug. 2014>.
The cs-fonts are preloaded and A4 size implicitly defined.
The utf8->iso8859-2 re-encoding of Czech+Slovak alphabet activated by encTeX
(./ctustyle.tex
CTUstyle: Thesis at Czech Technical University in Prague, v. <beta(z) Oct 2014>
\testinput=\read0
(c:/texlive/2014/texmf-dist/tex/csplain/opmac/opmac.tex
This is OPmac (Olsak's Plain macros), version <Aug. 2014>
\tmpnum=\count27
\tmpdim=\dimen16
\iindent=\dimen17
\ttindent=\dimen18
\colsep=\dimen19
\mnoteindent=\dimen20
\mnotesize=\dimen21
\ptunit=\dimen22
\fontdim=\dimen23
(c:/texlive/2014/texmf-dist/tex/csplain/fonts/ams-math.tex
FONT: AMS math fonts - \mathchardef's prepared, 12 math families preloaded.
\ptmunit=\dimen24
)
The \^, \`, \', \v, \" and \r expands to characters by ISO-8859-2.
\reffile=\write0
\testin=\read1
\chapnum=\count28
\secnum=\count29
\seccnum=\count30
\nonumnum=\count31
\remskipamount=\skip18
\tnum=\count32
\fnum=\count33
\dnum=\count34
\itemnum=\count35
\lastpage=\count36
\oulnum=\count37
\ttline=\count38
\viline=\count39
\vifile=\read2
\tabdata=\toks12
\colnum=\count40
\picwidth=\dimen25
\picheight=\dimen26
\fnotenum=\count41
\fnotenumlocal=\count42
\mnotenum=\count43
\mnoteskip=\dimen27
\auxfile=\write1
\bibnum=\count44
\bibmark=\toks13
\lastcitenum=\count45
\pgwidth=\dimen28
\pgheight=\dimen29
\shiftoffset=\dimen30
 (./dip.ref)
\openout0 = `dip.ref'.

)
\faculty=\toks14
\department=\toks15
\title=\toks16
\subtitle=\toks17
\author=\toks18
\supervisor=\toks19
\date=\toks20
\studyinfo=\toks21
\authorinfo=\toks22
\workinfo=\toks23
\workname=\toks24
\pagetwo=\toks25
\titleEN=\toks26
\titleCZ=\toks27
\titleSK=\toks28
\subtitleEN=\toks29
\subtitleCZ=\toks30
\subtitleSK=\toks31
\abstractEN=\toks32
\abstractCZ=\toks33
\abstractSK=\toks34
\keywordsEN=\toks35
\keywordsCZ=\toks36
\keywordsSK=\toks37
\thanks=\toks38
\declaration=\toks39
\specification=\toks40
(c:/texlive/2014/texmf-dist/tex/csplain/fonts/lmfonts.tex
FONT: Latin Modern fonts - \rm, \it, \bf, \bi, \caps\rm,... + math.
(c:/texlive/2014/texmf-dist/tex/csplain/fonts/chars-8z.tex))
\leftbox=\box16
\rightbox=\box17
\frontht=\dimen31
\tocbox=\box18
\tofbox=\box19
\totbox=\box20
\appnum=\count46
\numA=\count47
\numB=\count48
\numC=\count49
\numD=\count50
\numE=\count51
\maxglosindent=\dimen32
\rfcnum=\count52
)
(c:/texlive/2014/texmf-dist/tex/csplain/opmac/opmac-bib.tex
(c:/texlive/2014/texmf-dist/tex/generic/librarian/librarian.tex
\lb@entrycount=\count53
\lb@namecount=\count54
\lb@tempcount=\count55
\lb@sortnumber=\count56
\NameCount=\count57
\lb@read=\read3
 (./dip.lbr)
\lb@write=\write2
\openout2 = `dip.lbr'.

))
English hyphenation used (\language=0). \nonfrenchspacing is set on. [-1{c:/tex
live/2014/texmf-var/fonts/map/pdftex/updmap/pdftex.map} <./ctulogo.pdf>]
[-2] [-3 <./assignment_en.pdf>] [-4 <./assignment_cs.pdf>]
Underfull \hbox (badness 10000) in paragraph at lines 24--24


\hbox(0.0+0.0)x190.63347
.\penalty -10000
.\glue(\rightskip) 0.0

[-5] [-6] [-7] [-8] [-9] [-10] (./intro.tex) [1] (./problem.tex [2] [3]
[4] [5]) [6] (./technology.tex [7] [8] [9 <./perf1.png>] [10] [11 <./top-langua
ges.png (PNG copy)>]) [12] (./design.tex [13 <./usecase.pdf>] [14] [15]
[16] [17] [18] [19]
Underfull \vbox (badness 2894) has occurred while \output is active
\vbox(674.33032+2.75)x415.41025, glue set 3.07236
.\vbox(0.0+0.0)x0.0, glue set 25.0fil
..\kern -25.0
..\pdfdest name{pg:20} xyz
..\glue 0.0 plus 1.0fil minus 1.0fil
.\glue(\splittopskip) 0.0
.\vbox(512.29443+1.94443)x415.41025
..\hbox(493.49443+0.0)x415.41025, glue set - 5.69055fil
...\glue 0.0 plus 1.0fil minus 1.0fil
...\hbox(493.49443+0.0)x426.79134
....\pdfrefximage(493.49443+0.0)x426.79134
...\glue 0.0 plus 1.0fil minus 1.0fil
..\penalty 10000
..\glue 6.8 plus 2.26653 minus 2.26653
..\write0<3>{\string \Xfig {er_diagram}{4.2}{ER Diagram}}
..\glue 0.0 plus -1.0
..\glue(\parskip) 0.0 plus 1.0
..\glue(\baselineskip) 5.0555
..\hbox(6.9445+1.94443)x415.41025, glue set 31.08182fil
...\glue(\leftskip) 11.66563 plus 1.0fil
...\vbox(0.0+0.0)x0.0, glue set 13.99994fil
....\kern -13.99994
....\pdfdest name{ref:er_diagram} xyz
....\glue 0.0 plus 1.0fil minus 1.0fil
...\write0<3>{\Xlabel{er_diagram}{4.2}}
...\mF F
...\mF i
...\mF g
...\mF u
...\mF r
...\mF e
...\glue 3.66666 plus 1.83331 minus 1.22223
...\mF 4
...\mF .
...\mF 2
...\mF .
...\kern 5.0
...\tenrm E
...\tenrm R
...\glue 3.33333 plus 1.66498 minus 1.11221
...\tenrm d
...\tenrm i
...\tenrm a
...\tenrm g
...\tenrm r
...\tenrm a
...\tenrm m
...\glue 3.33333 plus 1.66666 minus 1.11111
...\tenrm o
...\tenrm f
...\glue 3.33333 plus 1.66666 minus 1.11111
...\tenrm a
...etc.
.\penalty 10000
.\glue 13.6 plus 4.53326 minus 4.53326
.\glue(\topskip) 2.42238
.\hbox(7.57762+2.13887)x415.41025, glue set 40.50159fil
..\hbox(0.0+0.0)x11.66563
..\tenrm T
..\tenrm h
..\tenrm e
..\tenrm s
..\tenrm e
..\glue 3.66666 plus 1.83333 minus 1.22221
..\tenrm a
..\tenrm r
..\tenrm e
..\glue 3.66666 plus 1.83333 minus 1.22221
..\tenrm t
..\tenrm h
..\tenrm e
..\glue 3.66666 plus 1.83333 minus 1.22221
..\tenrm E
..\tenrm n
..\kern-0.30557
..\tenrm t
..\tenrm i
..\tenrm t
..\tenrm i
..\tenrm e
..\tenrm s
..\glue 3.66666 plus 1.83333 minus 1.22221
..\tenrm u
..\tenrm s
..\tenrm e
..\tenrm d
..\glue 3.66666 plus 1.83333 minus 1.22221
..etc.
.\glue 6.8 plus 2.26653 minus 2.26653
.\glue 0.0
.\glue(\parskip) 0.0
.\glue(\baselineskip) 3.21114
.\hbox(8.25+2.75)x415.41025, glue set 0.04393
..\glue(\leftskip) 11.66563
..\hbox(4.56946+0.0)x0.0, glue set - 12.19423fil
...\glue 0.0 plus 1.0fil minus 1.0fil
...\pdfliteral{1 .43 0 0 k}
...\thefont .
...\kern -4.0
...\pdfliteral{0 0 0 1 k}
...\kern 5.5
..\mF U
..\mF s
..\mF e
..\mF r
..\glue 3.66666 plus 1.83333 minus 1.22221
..\tenrm r
..\tenrm e
..\tenrm p
..\discretionary
...\tenrm -
..\tenrm r
..\tenrm e
..\discretionary
...\tenrm -
..\tenrm s
..\tenrm e
..\tenrm n
..\kern-0.30557
..\tenrm t
..\tenrm s
..\glue 3.66666 plus 1.83333 minus 1.22221
..\tenrm a
..\glue 3.66666 plus 1.83333 minus 1.22221
..\tenrm r
..\tenrm e
..\tenrm g
..\discretionary
...\tenrm -
..\tenrm i
..\tenrm s
..\discretionary
...\tenrm -
..etc.
.\penalty 10100
.\glue(\baselineskip) 3.21106
.\hbox(7.63895+2.13887)x415.41025, glue set - 0.51616
..\glue(\leftskip) 11.66563
..\tenrm v
..\tenrm i
..\tenrm d
..\tenrm e
..\tenrm s
..\glue 3.66666 plus 1.83333 minus 1.22221
..\tenrm p
..\tenrm r
..\tenrm o
..\discretionary replacing 2
...\tenrm p
...\tenrm -
..\tenrm p
..\kern0.30556
..\tenrm e
..\tenrm r
..\discretionary
...\tenrm -
..\tenrm t
..\tenrm i
..\tenrm e
..\tenrm s
..\glue 3.66666 plus 1.83333 minus 1.22221
..\tenrm r
..\tenrm e
..\tenrm l
..\discretionary
...\tenrm -
..\tenrm e
..\discretionary
...\tenrm -
..\tenrm v
..\kern-0.61111
..\tenrm a
..etc.
.\penalty 10000
.\glue(\baselineskip) 3.88351
.\hbox(7.57762+2.13887)x415.41025, glue set 287.99991fil
..\glue(\leftskip) 11.66563
..\tenrm i
..\tenrm t
..\tenrm s
..\glue 3.66666 plus 1.83333 minus 1.22221
..\tenrm r
..\tenrm i
..\tenrm g
..\tenrm h
..\kern-0.30557
..\tenrm t
..\tenrm s
..\glue 3.66666 plus 1.83333 minus 1.22221
..\tenrm a
..\tenrm n
..\tenrm d
..\glue 3.66666 plus 1.83333 minus 1.22221
..\tenrm p
..\tenrm r
..\tenrm i
..\tenrm v
..\discretionary
...\tenrm -
..\tenrm i
..\discretionary
...\tenrm -
..\tenrm l
..\tenrm e
..\tenrm g
..\tenrm e
..\tenrm s
..\tenrm .
..etc.
.\glue(\parskip) 0.0
.\glue(\baselineskip) 3.82219
.\hbox(7.63895+2.13887)x415.41025, glue set 44.0449fil
..\glue(\leftskip) 11.66563
..\hbox(4.56946+0.0)x0.0, glue set - 12.19423fil
...\glue 0.0 plus 1.0fil minus 1.0fil
...\pdfliteral{1 .43 0 0 k}
...\thefont .
...\kern -4.0
...\pdfliteral{0 0 0 1 k}
...\kern 5.5
..\mF L
..\mF a
..\mF n
..\mF g
..\mF u
..\mF a
..\mF g
..\mF e
..\glue 3.66666 plus 1.83333 minus 1.22221
..\tenrm r
..\tenrm e
..\tenrm p
..\tenrm r
..\tenrm e
..\tenrm s
..\tenrm e
..\tenrm n
..\kern-0.30557
..\tenrm t
..\tenrm s
..\glue 3.66666 plus 1.83333 minus 1.22221
..\tenrm a
..\tenrm n
..\glue 3.66666 plus 1.83333 minus 1.22221
..\tenrm a
..\kern-0.30557
..\tenrm v
..\kern-0.61111
..etc.
.\glue(\parskip) 0.0
.\glue(\baselineskip) 3.21114
.\hbox(8.25+2.75)x415.41025, glue set - 0.57095
..\glue(\leftskip) 11.66563
..\hbox(4.56946+0.0)x0.0, glue set - 12.19423fil
...\glue 0.0 plus 1.0fil minus 1.0fil
...\pdfliteral{1 .43 0 0 k}
...\thefont .
...\kern -4.0
...\pdfliteral{0 0 0 1 k}
...\kern 5.5
..\mF C
..\mF a
..\mF t
..\mF e
..\mF g
..\mF o
..\kern-0.33612
..\mF r
..\mF y
..\glue 3.66666 plus 1.83333 minus 1.22221
..\tenrm r
..\tenrm e
..\tenrm p
..\tenrm r
..\tenrm e
..\tenrm s
..\tenrm e
..\tenrm n
..\kern-0.30557
..\tenrm t
..\tenrm s
..\glue 3.66666 plus 1.83333 minus 1.22221
..\tenrm a
..\glue 3.66666 plus 1.83333 minus 1.22221
..\tenrm g
..\tenrm r
..\tenrm o
..\tenrm u
..etc.
.\penalty 20000
.\glue(\baselineskip) 3.27238
.\hbox(7.57762+2.13887)x415.41025, glue set 96.9962fil
..\glue(\leftskip) 11.66563
..\tenrm I
..\tenrm t
..\glue 3.66666 plus 1.83333 minus 1.22221
..\tenrm c
..\tenrm a
..\tenrm n
..\glue 3.66666 plus 1.83333 minus 1.22221
..\tenrm p
..\kern0.30556
..\tenrm o
..\tenrm i
..\tenrm n
..\kern-0.30557
..\tenrm t
..\glue 3.66666 plus 1.83333 minus 1.22221
..\tenrm t
..\tenrm o
..\glue 3.66666 plus 1.83333 minus 1.22221
..\tenrm i
..\tenrm t
..\tenrm s
..\glue 3.66666 plus 1.83333 minus 1.22221
..\tenrm p
..\tenrm a
..\tenrm r
..\tenrm e
..\tenrm n
..\kern-0.30557
..\tenrm t
..etc.
.\glue(\parskip) 0.0
.\glue(\baselineskip) 3.82219
.\hbox(7.63895+2.13887)x415.41025, glue set 18.05705fil
..\glue(\leftskip) 11.66563
..\hbox(4.56946+0.0)x0.0, glue set - 12.19423fil
...\glue 0.0 plus 1.0fil minus 1.0fil
...\pdfliteral{1 .43 0 0 k}
...\thefont .
...\kern -4.0
...\pdfliteral{0 0 0 1 k}
...\kern 5.5
..\mF C
..\mF a
..\mF t
..\mF e
..\mF g
..\mF o
..\kern-0.33612
..\mF r
..\mF y
..\mF I
..\mF n
..\mF f
..\mF o
..\glue 3.66666 plus 1.83333 minus 1.22221
..\tenrm r
..\tenrm e
..\tenrm p
..\tenrm r
..\tenrm e
..\tenrm s
..\tenrm e
..\tenrm n
..\kern-0.30557
..\tenrm t
..\tenrm s
..\glue 3.66666 plus 1.83333 minus 1.22221
..\tenrm l
..\tenrm o
..etc.
.etc.

 [20 <./atlas_db.png (PNG copy)>] [21]
Underfull \vbox (badness 2057) has occurred while \output is active
\vbox(674.33032+0.0)x415.41025, glue set 2.74394
.\vbox(0.0+0.0)x0.0, glue set 25.0fil
..\kern -25.0
..\pdfdest name{pg:22} xyz
..\glue 0.0 plus 1.0fil minus 1.0fil
.\glue(\splittopskip) 0.0
.\vbox(646.34685+1.94443)x415.41025
..\hbox(627.54684+0.0)x415.41025, glue set - 5.69055fil
...\glue 0.0 plus 1.0fil minus 1.0fil
...\hbox(627.54684+0.0)x426.79134
....\pdfrefximage(627.54684+0.0)x426.79134
...\glue 0.0 plus 1.0fil minus 1.0fil
..\penalty 10000
..\glue 6.8 plus 2.26653 minus 2.26653
..\write0<3>{\string \Xfig {class_diag1}{4.3}{Preliminary Design of the Applica
tio\ETC.}
..\glue 0.0 plus -1.0
..\glue(\parskip) 0.0 plus 1.0
..\glue(\baselineskip) 5.0555
..\hbox(6.9445+1.94443)x415.41025, glue set 86.2205fil
...\glue(\leftskip) 11.66563 plus 1.0fil
...\vbox(0.0+0.0)x0.0, glue set 13.99994fil
....\kern -13.99994
....\pdfdest name{ref:class_diag1} xyz
....\glue 0.0 plus 1.0fil minus 1.0fil
...\write0<3>{\Xlabel{class_diag1}{4.3}}
...\mF F
...\mF i
...\mF g
...\mF u
...\mF r
...\mF e
...\glue 3.66666 plus 1.83331 minus 1.22223
...\mF 4
...\mF .
...\mF 3
...\mF .
...\kern 5.0
...\tenrm P
...\tenrm r
...\tenrm e
...\tenrm l
...\tenrm i
...\tenrm m
...\tenrm i
...\tenrm n
...\tenrm a
...\tenrm r
...\tenrm y
...\glue 3.33333 plus 1.66666 minus 1.11111
...\tenrm d
...\tenrm e
...\tenrm s
...etc.
.\penalty 10000
.\glue 13.6 plus 4.53326 minus 4.53326

 [22 <./prelim_class.pdf, page is rotated 270 degrees>] [23]
Underfull \hbox (badness 1701) in paragraph at lines 721--722
[]\tenrm Our busi-ness ob-jects in-clude page com-po-nents, namely \tentt Head-
lineCom-po-nent\tenrm ,

\hbox(7.57762+2.44446)x415.41025, glue set 2.57353
.\hbox(0.0+0.0)x11.66563
.\tenrm O
.\tenrm u
.\tenrm r
.\glue 3.66666 plus 1.83333 minus 1.22221
.\tenrm b
.\tenrm u
.\tenrm s
.\tenrm i
.\discretionary
..\tenrm -
.\tenrm n
.\tenrm e
.\tenrm s
.\tenrm s
.\glue 3.66666 plus 1.83333 minus 1.22221
.\tenrm o
.\discretionary replacing 2
..\tenrm b
..\tenrm -
.\tenrm b
.\kern0.30556
.\tenrm j
.\tenrm e
.\tenrm c
.\tenrm t
.\tenrm s
.\glue 3.66666 plus 1.83333 minus 1.22221
.\tenrm i
.\tenrm n
.\discretionary
..\tenrm -
.\tenrm c
.\tenrm l
.etc.

[24 <./mature_class.pdf>]) [25] (./implementation.tex [26]
Underfull \hbox (badness 1237) in paragraph at lines 63--64
 []\tenrm persist a pre-vi-ously un-per-sisted En-tity us-ing \tentt En-ti-ty-M
an-ager\tenrm 's \tentt per-sist(^^80)

\hbox(7.63895+2.44446)x415.41025, glue set 2.31586
.\glue(\leftskip) 11.66563
.\hbox(0.0+0.0)x11.66563
.\tenrm p
.\kern0.30556
.\tenrm e
.\tenrm r
.\tenrm s
.\tenrm i
.\tenrm s
.\tenrm t
.\glue 3.66666 plus 1.83333 minus 1.22221
.\tenrm a
.\glue 3.66666 plus 1.83333 minus 1.22221
.\tenrm p
.\tenrm r
.\tenrm e
.\discretionary
..\tenrm -
.\tenrm v
.\tenrm i
.\discretionary
..\tenrm -
.\tenrm o
.\tenrm u
.\tenrm s
.\tenrm l
.\tenrm y
.\glue 3.66666 plus 1.83333 minus 1.22221
.\tenrm u
.\tenrm n
.\discretionary
..\tenrm -
.\tenrm p
.etc.

[27] [28] [29]
Underfull \hbox (badness 10000) in paragraph at lines 162--163
 []\tentt countNumberOfPages(Category cat, Lan-guage lang, boolean pub-lishe-dO
-

\hbox(7.63895+2.44446)x415.41025
.\glue(\leftskip) 11.66563
.\hbox(4.56946+0.0)x0.0, glue set - 12.19423fil
..\glue 0.0 plus 1.0fil minus 1.0fil
..\pdfliteral{1 .43 0 0 k}
..\thefont .
..\kern -4.0
..\pdfliteral{0 0 0 1 k}
..\kern 5.5
.\tentt c
.\tentt o
.\tentt u
.\tentt n
.\tentt t
.\tentt N
.\tentt u
.\tentt m
.\tentt b
.\tentt e
.\tentt r
.\tentt O
.\tentt f
.\tentt P
.\tentt a
.\tentt g
.\tentt e
.\tentt s
.\tentt (
.\tentt C
.\tentt a
.\tentt t
.\tentt e
.\tentt g
.\tentt o
.\tentt r
.\tentt y
.\glue 5.775
.etc.

[30] [31] [32] [33] [34] [35]
Underfull \hbox (badness 2173) in paragraph at lines 411--412
\tenrm (\tentt ui:component\tenrm ), how HTML com-po-nents can be de-fined us-i
ng Facelets tags

\hbox(8.25+2.75)x415.41025, glue set 2.79175
.\tenrm (
.\tentt u
.\tentt i
.\tentt :
.\tentt c
.\tentt o
.\tentt m
.\tentt p
.\tentt o
.\tentt n
.\tentt e
.\tentt n
.\tentt t
.\tenrm )
.\tenrm ,
.\glue 3.66666 plus 2.29166 minus 0.97777
.\tenrm h
.\tenrm o
.\kern-0.30557
.\tenrm w
.\glue 3.66666 plus 1.83333 minus 1.22221
.\tenrm H
.\tenrm T
.\tenrm M
.\tenrm L
.\glue 3.66666 plus 1.83148 minus 1.22343
.\tenrm c
.\tenrm o
.\tenrm m
.\discretionary
..\tenrm -
.etc.

[36] [37] [38] [39] [40] [41] [42] [43]) [44] (./testing.tex [45] [46 <./usecas
e-validation.pdf>] [47] [48 <./feedback_devices_used.png> <./feedback_devices_w
anted.png>] [49 <./feedback_evaluation.png>]) [50 <./feedback_features.png>]
(./conclusion.tex [51]) [52] (./opmac-bib-mysimple.tex) (./mybase.bib)
l.55 OPmac WARNING: \usebib: entry [1] isn't found in .bib file(s).
[53] [54] [55] [56] (./screens.tex) [57 <./screens//welcome.png> <./screens//ca
tegory.png>] [58 <./screens//blank.png> <./screens//labels.png>] [59 <./screens
//content.png>] [60 <./screens//edit_page.png> <./screens//edit_labels.png>] ){
c:/texlive/2014/texmf-dist/fonts/enc/dvips/lm/lm-cs.enc}{c:/texlive/2014/texmf-
dist/fonts/enc/dvips/lm/lm-cstt.enc}<c:/texlive/2014/texmf-dist/fonts/type1/pub
lic/lm/lmr10.pfb><c:/texlive/2014/texmf-dist/fonts/type1/public/lm/lmri10.pfb><
c:/texlive/2014/texmf-dist/fonts/type1/public/lm/lmss10.pfb><c:/texlive/2014/te
xmf-dist/fonts/type1/public/lm/lmssbx10.pfb><c:/texlive/2014/texmf-dist/fonts/t
ype1/public/lm/lmsso10.pfb><c:/texlive/2014/texmf-dist/fonts/type1/public/lm/lm
tt10.pfb>
Output written on dip.pdf (70 pages, 2641077 bytes).
PDF statistics:
 1493 PDF objects out of 1728 (max. 8388607)
 1365 compressed objects within 14 object streams
 274 named destinations out of 1000 (max. 500000)
 1186 words of extra memory for PDF output out of 10000 (max. 10000000)

